Build started 2017-07-24 11:28:11.
     1>Project "c:\Users\16150007\documents\visual studio 2010\Projects\OmniBot\OmniBot\OmniBot.vcxproj" on node 2 (build target(s)).
     1>InitializeBuildStatus:
         Touching "Debug\OmniBot.unsuccessfulbuild".
       ClCompile:
         C:\Program Files (x86)\Microsoft Visual Studio 10.0\VC\bin\CL.exe /c /ZI /nologo /W3 /WX- /Od /Oy- /D WIN32 /D _DEBUG /D _CONSOLE /D _UNICODE /D UNICODE /Gm /EHsc /RTC1 /MDd /GS /fp:precise /Zc:wchar_t /Zc:forScope /Fo"Debug\\" /Fd"Debug\vc100.pdb" /Gd /TP /analyze- /errorReport:prompt main.cpp Robot.cpp State.cpp
         State.cpp
         Generating Code...
         Compiling...
         Robot.cpp
         main.cpp
         Generating Code...
       ManifestResourceCompile:
         All outputs are up-to-date.
       Link:
         C:\Program Files (x86)\Microsoft Visual Studio 10.0\VC\bin\link.exe /ERRORREPORT:PROMPT /OUT:"c:\users\16150007\documents\visual studio 2010\Projects\OmniBot\Debug\OmniBot.exe" /INCREMENTAL /NOLOGO kernel32.lib user32.lib gdi32.lib winspool.lib comdlg32.lib advapi32.lib shell32.lib ole32.lib oleaut32.lib uuid.lib odbc32.lib odbccp32.lib /MANIFEST /ManifestFile:"Debug\OmniBot.exe.intermediate.manifest" /MANIFESTUAC:"level='asInvoker' uiAccess='false'" /DEBUG /PDB:"c:\users\16150007\documents\visual studio 2010\Projects\OmniBot\Debug\OmniBot.pdb" /SUBSYSTEM:CONSOLE /TLBID:1 /DYNAMICBASE /NXCOMPAT /IMPLIB:"c:\users\16150007\documents\visual studio 2010\Projects\OmniBot\Debug\OmniBot.lib" /MACHINE:X86 Debug\OmniBot.exe.embed.manifest.res
         Debug\Line.obj
         Debug\main.obj
         Debug\Robot.obj
         Debug\State.obj
       Manifest:
         C:\Program Files (x86)\Microsoft SDKs\Windows\v7.0A\bin\mt.exe /nologo /verbose /out:"Debug\OmniBot.exe.embed.manifest" /manifest Debug\OmniBot.exe.intermediate.manifest
         All outputs are up-to-date.
       LinkEmbedManifest:
         All outputs are up-to-date.
         OmniBot.vcxproj -> c:\users\16150007\documents\visual studio 2010\Projects\OmniBot\Debug\OmniBot.exe
       FinalizeBuildStatus:
         Deleting file "Debug\OmniBot.unsuccessfulbuild".
         Touching "Debug\OmniBot.lastbuildstate".
     1>Done Building Project "c:\Users\16150007\documents\visual studio 2010\Projects\OmniBot\OmniBot\OmniBot.vcxproj" (build target(s)).

Build succeeded.

Time Elapsed 00:00:05.93
