C:\USERS\16150007\DOCUMENTS\GITHUB\OMNIBOT\DEBUG\OMNIBOT.EXE
C:\USERS\16150007\DOCUMENTS\GITHUB\OMNIBOT\DEBUG\OMNIBOT.ILK
C:\USERS\16150007\DOCUMENTS\GITHUB\OMNIBOT\DEBUG\OMNIBOT.PDB
C:\Users\16150007\Documents\GitHub\OmniBot\OmniBot\Debug\cl.command.1.tlog
C:\Users\16150007\Documents\GitHub\OmniBot\OmniBot\Debug\CL.read.1.tlog
C:\Users\16150007\Documents\GitHub\OmniBot\OmniBot\Debug\CL.write.1.tlog
C:\USERS\16150007\DOCUMENTS\GITHUB\OMNIBOT\OMNIBOT\DEBUG\COMPUTER.OBJ
C:\USERS\16150007\DOCUMENTS\GITHUB\OMNIBOT\OMNIBOT\DEBUG\DRIVEBASE.OBJ
C:\Users\16150007\Documents\GitHub\OmniBot\OmniBot\Debug\link.11220.read.1.tlog
C:\Users\16150007\Documents\GitHub\OmniBot\OmniBot\Debug\link.11220.write.1.tlog
C:\Users\16150007\Documents\GitHub\OmniBot\OmniBot\Debug\link.11220-cvtres.read.1.tlog
C:\Users\16150007\Documents\GitHub\OmniBot\OmniBot\Debug\link.11220-cvtres.write.1.tlog
C:\Users\16150007\Documents\GitHub\OmniBot\OmniBot\Debug\link.22980.read.1.tlog
C:\Users\16150007\Documents\GitHub\OmniBot\OmniBot\Debug\link.22980.write.1.tlog
C:\Users\16150007\Documents\GitHub\OmniBot\OmniBot\Debug\link.22980-cvtres.read.1.tlog
C:\Users\16150007\Documents\GitHub\OmniBot\OmniBot\Debug\link.22980-cvtres.write.1.tlog
C:\Users\16150007\Documents\GitHub\OmniBot\OmniBot\Debug\link.command.1.tlog
C:\Users\16150007\Documents\GitHub\OmniBot\OmniBot\Debug\link.read.1.tlog
C:\Users\16150007\Documents\GitHub\OmniBot\OmniBot\Debug\link.write.1.tlog
C:\Users\16150007\Documents\GitHub\OmniBot\OmniBot\Debug\link-cvtres.read.1.tlog
C:\Users\16150007\Documents\GitHub\OmniBot\OmniBot\Debug\link-cvtres.write.1.tlog
C:\USERS\16150007\DOCUMENTS\GITHUB\OMNIBOT\OMNIBOT\DEBUG\MAIN.OBJ
C:\Users\16150007\Documents\GitHub\OmniBot\OmniBot\Debug\mt.command.1.tlog
C:\Users\16150007\Documents\GitHub\OmniBot\OmniBot\Debug\mt.read.1.tlog
C:\Users\16150007\Documents\GitHub\OmniBot\OmniBot\Debug\mt.write.1.tlog
C:\USERS\16150007\DOCUMENTS\GITHUB\OMNIBOT\OMNIBOT\DEBUG\OMNIBOT.EXE.EMBED.MANIFEST
C:\USERS\16150007\DOCUMENTS\GITHUB\OMNIBOT\OMNIBOT\DEBUG\OMNIBOT.EXE.EMBED.MANIFEST.RES
C:\USERS\16150007\DOCUMENTS\GITHUB\OMNIBOT\OMNIBOT\DEBUG\OMNIBOT.EXE.INTERMEDIATE.MANIFEST
C:\Users\16150007\Documents\GitHub\OmniBot\OmniBot\Debug\OmniBot.vcxprojResolveAssemblyReference.cache
C:\Users\16150007\Documents\GitHub\OmniBot\OmniBot\Debug\OmniBot.write.1.tlog
C:\Users\16150007\Documents\GitHub\OmniBot\OmniBot\Debug\OmniBot_manifest.rc
C:\Users\16150007\Documents\GitHub\OmniBot\OmniBot\Debug\rc.command.1.tlog
C:\Users\16150007\Documents\GitHub\OmniBot\OmniBot\Debug\rc.read.1.tlog
C:\Users\16150007\Documents\GitHub\OmniBot\OmniBot\Debug\rc.write.1.tlog
C:\USERS\16150007\DOCUMENTS\GITHUB\OMNIBOT\OMNIBOT\DEBUG\ROBOT.OBJ
C:\USERS\16150007\DOCUMENTS\GITHUB\OMNIBOT\OMNIBOT\DEBUG\SUBSYSTEM.OBJ
C:\Users\16150007\Documents\GitHub\OmniBot\OmniBot\Debug\vc100.idb
C:\USERS\16150007\DOCUMENTS\GITHUB\OMNIBOT\OMNIBOT\DEBUG\VC100.PDB
